<?xml version="1.0" encoding="UTF-8"?>
<testsuite name="ghost.AppTest" tests="11" skipped="0" failures="0" errors="0" timestamp="2020-11-19T01:12:52" hostname="herain-XPS-15-9500" time="0.477">
  <properties/>
  <testcase name="testCheating()" classname="ghost.AppTest" time="0.014"/>
  <testcase name="simpleTest()" classname="ghost.AppTest" time="0.018"/>
  <testcase name="testGhost()" classname="ghost.AppTest" time="0.008"/>
  <testcase name="testEveryThing()" classname="ghost.AppTest" time="0.407"/>
  <testcase name="testGameParser()" classname="ghost.AppTest" time="0.014"/>
  <testcase name="testMessage()" classname="ghost.AppTest" time="0.001"/>
  <testcase name="testConfigReader()" classname="ghost.AppTest" time="0.002"/>
  <testcase name="testKeyPress()" classname="ghost.AppTest" time="0.002"/>
  <testcase name="testGhosts()" classname="ghost.AppTest" time="0.002"/>
  <testcase name="testPlayer()" classname="ghost.AppTest" time="0.002"/>
  <testcase name="testJudgement()" classname="ghost.AppTest" time="0.001"/>
  <system-out><![CDATA[turn back!
/home/herain/Documents/INFO1113/Assignment2/finalproject/build/resources/test/horizontal.png
Start counting
run new game!
0s
3
is player
is chaser
null
0s
16
416
39
17
416
39
18
416
39
19
416
39
20
416
39
21
416
39
22
416
39
23
416
39
24
416
39
25
416
39
26
416
39
27
416
39
28
416
39
29
416
39
30
416
39
31
416
39
22
32
416
39
33
416
39
34
416
39
35
416
39
36
416
39
37
416
39
38
416
39
39
416
39
40
416
39
41
416
39
42
416
39
43
416
39
44
416
39
45
416
39
46
416
39
47
416
39
21
48
416
39
49
416
39
50
416
39
51
416
39
52
416
39
53
416
39
54
416
39
55
416
39
56
416
39
57
416
39
58
416
39
59
416
39
60
416
39
61
416
39
62
416
39
63
416
39
frightened mode start at 0
20
64
416
39
turn back!
65
416
39
66
416
39
67
416
39
Start counting
0s
over counting!
is player
is chaser
68
416
39
-1
frightened mode start at 0
-2
soda mode start at 0
add ambusher
is player
is chaser
Mode change!
error 1
ghost: X: 1, Y: 1, and player: Y: 1, Y: 1
error 2
ghost: X: 1, Y: 1, and player: Y: 0, Y: 1
69
416
39
out of bound: inaccessible
out of bound: inaccessible
out of bound: inaccessible
40
out of bound: inaccessible
ignorant find target
ignorant find target
ignorant find target
ignorant find target
ambusher find target
ambusher find target
ambusher find target
ambusher find target
ambusher find target
ambusher find target
0
0
39
0
0
0
0
0
39
false
0
0
40
true
1
0
0
0
39
true
0
1
]]></system-out>
  <system-err><![CDATA[]]></system-err>
</testsuite>
